********************************************************************************
DUPLICATOR-LITE PACKAGE-LOG: 2 March 2020 15 h 06 min
NOTICE: Do NOT post to public sites or forums 
********************************************************************************
VERSION:	1.3.28
WORDPRESS:	5.3.2
PHP INFO:	7.4.2 | SAPI: apache2handler
SERVER:		Apache/2.4.41 (Win64) OpenSSL/1.1.1c PHP/7.4.2 
PHP TIME LIMIT: (0) no time limit imposed 
PHP MAX MEMORY: 4294967296 (512M default) 
MEMORY STACK: 6MB

********************************************************************************
DATABASE:
********************************************************************************
BUILD MODE:   MYSQLDUMP
MYSQLTIMEOUT: 5000
MYSQLDUMP:    Is Supported
SQL CREATED: CoursDeVeille_60d5ced468eca9c58569_20200302150549_database.sql
SQL FILE SIZE: 1MB (1048589)
SQL FILE TIME: 2020-03-02 15:06:33
SQL RUNTIME: 4.42 sec.

********************************************************************************
ARCHIVE (ZIP):
********************************************************************************
ARCHIVE DIR:  F:/Hiver_2020/Veille/Xamp/htdocs/2020-veille/wordpress
ARCHIVE FILE: CoursDeVeille_60d5ced468eca9c58569_20200302150549_archive.zip
FILTERS: *OFF*
DIRS:
	not set
FILES:
	not set
EXTS:  not set
----------------------------------------
COMPRESSING
SIZE:	179.28MB
STATS:	Dirs 3,221 | Files 23,837
SQL ADDED: CoursDeVeille_60d5ced468eca9c58569_20200302150549_database.sql
ZipArchive Object
(
    [status] => 0
    [statusSys] => 0
    [numFiles] => 27058
    [filename] => F:\Hiver_2020\Veille\Xamp\htdocs\2020-veille\wordpress\wp-snapshots\tmp\CoursDeVeille_60d5ced468eca9c58569_20200302150549_archive.zip
    [comment] => 
)

FILE ADDED TO ZIP: 27057
COMPRESSION RESULT: '1'
COMPRESSED SIZE: 74.44MB
ARCHIVE RUNTIME: 165.52 sec.
MEMORY STACK: 16MB
building installer
add_extra_files1
add_extra_files2
add_extra_files3
add_extra_files4
Doing archive file check
add_extra_files5
add_extra_files6
add_extra_files8
Successfully opened zip F:/Hiver_2020/Veille/Xamp/htdocs/2020-veille/wordpress/wp-snapshots/tmp/CoursDeVeille_60d5ced468eca9c58569_20200302150549_archive.zip
Adding enhanced installer files to archive using ZipArchive
Installer files added to archive
Added to archive
After ziparchive close when adding installer

********************************************************************************
INTEGRITY CHECKS:
********************************************************************************
SQL FILE: 1MB
INSTALLER FILE: 60.52KB
ARCHIVE FILE: 75.9MB 
EXPECTED FILE/DIRECTORY COUNT: 27,058
ACTUAL FILE/DIRECTORY COUNT: 27,057
ARCHIVE CONSISTENCY TEST: Pass

********************************************************************************
RECORD ID:[1]
TOTAL PROCESS RUNTIME: 174.70 sec.
PEAK PHP MEMORY USED: 22MB
DONE PROCESSING => CoursDeVeille 2 March 2020 15 h 09 min

